have_library: checking for main() in -lc... -------------------- yes

"gcc -o conftest -I/Users/sam/.rbenv/versions/1.9.3-p448/include/ruby-1.9.1/x86_64-darwin12.4.0 -I/Users/sam/.rbenv/versions/1.9.3-p448/include/ruby-1.9.1/ruby/backward -I/Users/sam/.rbenv/versions/1.9.3-p448/include/ruby-1.9.1 -I. -I'/Users/sam/.rbenv/versions/1.9.3-p448/include'  -D_XOPEN_SOURCE -D_DARWIN_C_SOURCE  -I'/Users/sam/.rbenv/versions/1.9.3-p448/include'   -O3 -Wno-error=shorten-64-to-32  -pipe conftest.c  -L. -L/Users/sam/.rbenv/versions/1.9.3-p448/lib -L. -L'/Users/sam/.rbenv/versions/1.9.3-p448/lib'      -lruby-static  -lpthread -ldl -lobjc "
checked program was:
/* begin */
1: #include "ruby.h"
2: 
3: int main(int argc, char **argv)
4: {
5:   return 0;
6: }
/* end */

"gcc -o conftest -I/Users/sam/.rbenv/versions/1.9.3-p448/include/ruby-1.9.1/x86_64-darwin12.4.0 -I/Users/sam/.rbenv/versions/1.9.3-p448/include/ruby-1.9.1/ruby/backward -I/Users/sam/.rbenv/versions/1.9.3-p448/include/ruby-1.9.1 -I. -I'/Users/sam/.rbenv/versions/1.9.3-p448/include'  -D_XOPEN_SOURCE -D_DARWIN_C_SOURCE  -I'/Users/sam/.rbenv/versions/1.9.3-p448/include'   -O3 -Wno-error=shorten-64-to-32  -pipe conftest.c  -L. -L/Users/sam/.rbenv/versions/1.9.3-p448/lib -L. -L'/Users/sam/.rbenv/versions/1.9.3-p448/lib'      -lruby-static -lc  -lpthread -ldl -lobjc "
conftest.c: In function ‘t’:
conftest.c:4: error: ‘main’ undeclared (first use in this function)
conftest.c:4: error: (Each undeclared identifier is reported only once
conftest.c:4: error: for each function it appears in.)
checked program was:
/* begin */
 1: #include "ruby.h"
 2: 
 3: /*top*/
 4: int t() { void ((*volatile p)()); p = (void ((*)()))main; return 0; }
 5: int main(int argc, char **argv)
 6: {
 7:   if (argc > 1000000) {
 8:     printf("%p", &t);
 9:   }
10: 
11:   return 0;
12: }
/* end */

"gcc -o conftest -I/Users/sam/.rbenv/versions/1.9.3-p448/include/ruby-1.9.1/x86_64-darwin12.4.0 -I/Users/sam/.rbenv/versions/1.9.3-p448/include/ruby-1.9.1/ruby/backward -I/Users/sam/.rbenv/versions/1.9.3-p448/include/ruby-1.9.1 -I. -I'/Users/sam/.rbenv/versions/1.9.3-p448/include'  -D_XOPEN_SOURCE -D_DARWIN_C_SOURCE  -I'/Users/sam/.rbenv/versions/1.9.3-p448/include'   -O3 -Wno-error=shorten-64-to-32  -pipe conftest.c  -L. -L/Users/sam/.rbenv/versions/1.9.3-p448/lib -L. -L'/Users/sam/.rbenv/versions/1.9.3-p448/lib'      -lruby-static -lc  -lpthread -ldl -lobjc "
checked program was:
/* begin */
 1: #include "ruby.h"
 2: 
 3: /*top*/
 4: int t() { main(); return 0; }
 5: int main(int argc, char **argv)
 6: {
 7:   if (argc > 1000000) {
 8:     printf("%p", &t);
 9:   }
10: 
11:   return 0;
12: }
/* end */

--------------------

